{"C:\\AutobooksCode\\Prototypes\\Personal\\social-dm-tools\\src\\App.bs.js": {"path":"C:\\AutobooksCode\\Prototypes\\Personal\\social-dm-tools\\src\\App.bs.js","statementMap":{"0":{"start":{"line":3,"column":12},"end":{"line":3,"column":28}},"1":{"start":{"line":6,"column":2},"end":{"line":6,"column":66}},"2":{"start":{"line":9,"column":11},"end":{"line":9,"column":14}},"3":{"start":{"line":11,"column":0},"end":{"line":11,"column":20}}},"fnMap":{"0":{"name":"App","decl":{"start":{"line":5,"column":9},"end":{"line":5,"column":12}},"loc":{"start":{"line":5,"column":20},"end":{"line":7,"column":1}},"line":5}},"branchMap":{},"s":{"0":1,"1":1,"2":1,"3":1},"f":{"0":1},"b":{},"_coverageSchema":"1a1c01bbd47fc00a2c39e90264f33305004495a9","hash":"f8665aa49a8ed437a1915ef230259991c4afe39b"}
}
